
Showing logs for build [32mcb-kubecd-environment-pr-182-89-46sb2-1[0m stage [32mfrom-build-pack[0m and container [32mstep-credential-initializer-nt4cw[0m
{"level":"warn","ts":1584311297.6422832,"logger":"fallback-logger","caller":"logging/config.go:69","msg":"Fetch GitHub commit ID from kodata failed: \"ref: refs/heads/0.8.0-**-support-backwards-incompats\" is not a valid GitHub commit ID"}
{"level":"info","ts":1584311297.643378,"logger":"fallback-logger","caller":"creds-init/main.go:40","msg":"Credentials initialized."}

Showing logs for build [32mcb-kubecd-environment-pr-182-89-46sb2-1[0m stage [32mfrom-build-pack[0m and container [32mstep-working-dir-initializer-kxh5s[0m
{"level":"warn","ts":1584311298.6108725,"logger":"fallback-logger","caller":"logging/config.go:69","msg":"Fetch GitHub commit ID from kodata failed: open /var/run/ko/HEAD: no such file or directory"}
{"level":"info","ts":1584311298.6150544,"logger":"fallback-logger","caller":"bash/main.go:64","msg":"Successfully executed command \"sh -c mkdir -p /workspace/source\"; output "}

Showing logs for build [32mcb-kubecd-environment-pr-182-89-46sb2-1[0m stage [32mfrom-build-pack[0m and container [32mstep-place-tools[0m

Showing logs for build [32mcb-kubecd-environment-pr-182-89-46sb2-1[0m stage [32mfrom-build-pack[0m and container [32mstep-git-source-cb-kubecd-environment-pr-182-89-46sb2-njjpq[0m
{"level":"warn","ts":1584311304.7589786,"logger":"fallback-logger","caller":"logging/config.go:69","msg":"Fetch GitHub commit ID from kodata failed: \"ref: refs/heads/0.8.0-**-support-backwards-incompats\" is not a valid GitHub commit ID"}
{"level":"info","ts":1584311305.905033,"logger":"fallback-logger","caller":"git/git.go:103","msg":"Successfully cloned https://github.com/cb-kubecd/environment-pr-182-89-boot-gke-staging.git @ master in path /workspace/source"}

Showing logs for build [32mcb-kubecd-environment-pr-182-89-46sb2-1[0m stage [32mfrom-build-pack[0m and container [32mstep-git-merge[0m
Using SHAs from PULL_REFS=master:a782af4aad0a1ae2a4f2a6c54a1ed88f69bcfc36,1:c134194e3ff339f35380c47efa2485de437a3f28
DEBUG: LC_ALL=C JX_LOG_LEVEL=error git fetch origin --unshallow c134194e3ff339f35380c47efa2485de437a3f28: a782af4aad0a1ae2a4f2a6c54a1ed88f69bcfc36:
DEBUG: ran git fetch --unshallow origin c134194e3ff339f35380c47efa2485de437a3f28: a782af4aad0a1ae2a4f2a6c54a1ed88f69bcfc36: in 
DEBUG: LC_ALL=C JX_LOG_LEVEL=error git branch
DEBUG: LC_ALL=C JX_LOG_LEVEL=error git checkout master
DEBUG: ran git checkout master in 
DEBUG: LC_ALL=C JX_LOG_LEVEL=error git reset --hard a782af4aad0a1ae2a4f2a6c54a1ed88f69bcfc36
DEBUG: ran git reset --hard a782af4aad0a1ae2a4f2a6c54a1ed88f69bcfc36 in 
DEBUG: LC_ALL=C JX_LOG_LEVEL=error git clean -fd .
DEBUG: ran clean --force -d . in 
DEBUG: LC_ALL=C JX_LOG_LEVEL=error git merge c134194e3ff339f35380c47efa2485de437a3f28
DEBUG: ran git merge c134194e3ff339f35380c47efa2485de437a3f28 in 
DEBUG: LC_ALL=C JX_LOG_LEVEL=error git log --format=%H%x1f%an%x1f%ae%x1f%cn%x1f%ce%x1f%s%n%b%x1e a782af4aad0a1ae2a4f2a6c54a1ed88f69bcfc36..HEAD
Merged SHA c134194e3ff339f35380c47efa2485de437a3f28 with commit message 'chore: Promote bdd-spring-1584311006 to version 0.0.1' into base branch master

Showing logs for build [32mcb-kubecd-environment-pr-182-89-46sb2-1[0m stage [32mfrom-build-pack[0m and container [32mstep-build-helm-build[0m
WARNING: No $CHART_REPOSITORY defined so using the default value of: http://jenkins-x-chartmuseum:8080
Adding missing Helm repo: storage.googleapis.com https://storage.googleapis.com/chartmuseum.jenkins-x.io
WARNING: No secrets found on "helm/repos" due: reading the secret "helm/repos" from vault: no secret "helm/repos" not found in vault
Read credentials for https://storage.googleapis.com/chartmuseum.jenkins-x.io from vault helm/repos
Successfully added Helm repository storage.googleapis.com.
Adding missing Helm repo: jenkins-x-chartmuseum http://jenkins-x-chartmuseum:8080
WARNING: No secrets found on "helm/repos" due: reading the secret "helm/repos" from vault: no secret "helm/repos" not found in vault
Read credentials for http://jenkins-x-chartmuseum:8080 from vault helm/repos
Successfully added Helm repository jenkins-x-chartmuseum.
WARNING: No $CHART_REPOSITORY defined so using the default value of: http://jenkins-x-chartmuseum:8080
Adding missing Helm repo: chartmuseum.jenkins-x.io http://chartmuseum.jenkins-x.io
WARNING: No secrets found on "helm/repos" due: reading the secret "helm/repos" from vault: no secret "helm/repos" not found in vault
Read credentials for http://chartmuseum.jenkins-x.io from vault helm/repos
Successfully added Helm repository chartmuseum.jenkins-x.io.
